[0m[[0m[0mdebug[0m] [0m[0mRunning TaskDef(peTest, org.scalatest.tools.Framework$$anon$1@26bdb6a, false, [SuiteSelector])[0m
[0m[[0m[0minfo[0m] [0m[0m[32mpeTest:[0m[0m
[0m[[0m[0minfo[0m] [0m[0m[32mpe[0m[0m
[0m[[0m[0minfo[0m] [0m[0m[31m- should perform memory read, update, and write-back operations correctly *** FAILED ***[0m[0m
[0m[[0m[0minfo[0m] [0m[0m[31m  In step 2: io_dout_mempot_0=0 (0x0) did not equal expected=10 (0xa) at (test_pe.scala:178) (test_pe.scala:178)[0m[0m
[0m[[0m[0minfo[0m] [0m[0m[36mRun completed in 2 seconds, 101 milliseconds.[0m[0m
[0m[[0m[0minfo[0m] [0m[0m[36mTotal number of tests run: 1[0m[0m
[0m[[0m[0minfo[0m] [0m[0m[36mSuites: completed 1, aborted 0[0m[0m
[0m[[0m[0minfo[0m] [0m[0m[36mTests: succeeded 0, failed 1, canceled 0, ignored 0, pending 0[0m[0m
[0m[[0m[0minfo[0m] [0m[0m[31m*** 1 TEST FAILED ***[0m[0m
[0m[[0m[31merror[0m] [0m[0mFailed tests:[0m
[0m[[0m[31merror[0m] [0m[0m	peTest[0m
[0m[[0m[31merror[0m] [0m[0m(Test / [31mtestOnly[0m) sbt.TestsFailedException: Tests unsuccessful[0m
